Arguments: 
  /Users/justinrice/.nvm/versions/node/v14.15.0/bin/node /usr/local/Cellar/yarn/1.22.17_2/libexec/bin/yarn.js build

PATH: 
  /usr/local/Cellar/pyenv-virtualenv/1.1.5/shims:/Users/justinrice/.nvm/versions/node/v14.15.0/bin:/Users/justinrice/bin:/usr/local/bin:/Users/justinrice/.local/bin:/Users/justinrice/.pyenv/shims:/usr/bin:/bin:/usr/sbin:/sbin:/Library/Apple/usr/bin

Yarn version: 
  1.22.17

Node version: 
  14.15.0

Platform: 
  darwin x64

Trace: 
  SyntaxError: /Users/justinrice/Documents/CloudHippie/static-site-ci-lesson/package.json: Unexpected token } in JSON at position 220
      at JSON.parse (<anonymous>)
      at /usr/local/Cellar/yarn/1.22.17_2/libexec/lib/cli.js:1625:59
      at Generator.next (<anonymous>)
      at step (/usr/local/Cellar/yarn/1.22.17_2/libexec/lib/cli.js:310:30)
      at /usr/local/Cellar/yarn/1.22.17_2/libexec/lib/cli.js:321:13

npm manifest: 
  {
    "name": "static-site-lesson",
    "version": "0.1.0",
    "private": true,
    "dependencies": {
      "@testing-library/jest-dom": "^5.16.4",
      "@testing-library/react": "^13.3.0",
      "@testing-library/user-event": "^13.5.0",
      "react": "^18.2.0",
      "react-dom": "^18.2.0",
      "react-scripts": "5.0.1",
      "web-vitals": "^2.1.4"
    },
    "scripts": {
      "start": "react-scripts start",
      "build": "react-scripts build",
      "test": "react-scripts test",
      "eject": "react-scripts eject"
    },
    "eslintConfig": {
      "extends": [
        "react-app",
        "react-app/jest"
      ]
    }
  }

yarn manifest: 
  No manifest

Lockfile: 
  No lockfile
